INFO:root:Modem System Logs | Gauss Moto Inc |   Created on : 2023-01-11 04:29:55.226955
INFO:root:2023-01-11 04:29:55.231649:AT+QGPS=1
INFO:root:2023-01-11 04:29:55.233227:+CME ERROR: 504
INFO:root:2023-01-11 04:29:55.235445:AT+QGPSCFG="gpsnmeatype",31
INFO:root:2023-01-11 04:29:55.236149:OK
INFO:root:2023-01-11 04:29:55.236936:ATI
INFO:root:2023-01-11 04:29:55.237891:Quectel
INFO:root:2023-01-11 04:29:55.238681:EC25
INFO:root:2023-01-11 04:29:55.240652:Revision: EC25AFAR05A04M4G
INFO:root:2023-01-11 04:29:56.243057:OK
INFO:root:2023-01-11 04:29:56.244601:AT+CGSN
INFO:root:2023-01-11 04:29:56.246635:861107035335414
INFO:root:2023-01-11 04:29:56.247930:OK
INFO:root:2023-01-11 04:29:57.250628:AT+CIMI
INFO:root:2023-01-11 04:29:57.252843:310170200063138
INFO:root:2023-01-11 04:29:57.254145:OK
INFO:root:2023-01-11 04:29:57.255950:AT+CGDCONT?
INFO:root:2023-01-11 04:29:57.260548:+CGDCONT: 1,"IP","BROADBAND","0.0.0.0",0,0,0,0
INFO:root:2023-01-11 04:29:58.270232:+CGDCONT: 2,"IPV4V6","ims","0.0.0.0.0.0.0.0.0.0.0.0.0.0.0.0",0,0,0,0
INFO:root:2023-01-11 04:29:58.278931:+CGDCONT: 3,"IPV4V6","sos","0.0.0.0.0.0.0.0.0.0.0.0.0.0.0.0",0,0,0,1
INFO:root:2023-01-11 04:29:58.280649:OK
INFO:root:2023-01-11 04:29:58.282950:AT+QNWINFO
INFO:root:2023-01-11 04:29:58.288982:+QNWINFO: "FDD LTE","310410","LTE BAND 2",800
INFO:root:2023-01-11 04:29:59.291909:OK
INFO:root:2023-01-11 04:29:59.294507:AT+CGPADDR=1
INFO:root:2023-01-11 04:29:59.298374:+CGPADDR: 1,"21.82.76.195"
INFO:root:2023-01-11 04:29:59.299978:OK
INFO:root:2023-01-11 04:30:00.304708:AT+QENG="servingcell"
INFO:root:2023-01-11 04:30:00.320811:+QENG: "servingcell","NOCONN","LTE","FDD",310,410,A34D309,307,800,2,5,5,8B2A,-118,-14,-84,10,11
INFO:root:2023-01-11 04:30:00.322628:OK
INFO:root:2023-01-11 04:30:00.326340:AT+QENG="neighbourcell"
INFO:root:2023-01-11 04:30:00.335042:+QENG: "neighbourcell intra","LTE",800,307,-14,-118,-84,0,11,4,4,2,62
INFO:root:2023-01-11 04:30:01.344887:+QENG: "neighbourcell intra","LTE",800,223,-17,-122,-96,0,7,4,4,2,62
INFO:root:2023-01-11 04:30:01.353366:+QENG: "neighbourcell inter","LTE",5110,-,-,-,-,-,11,0,6,2,-,-,-,-
INFO:root:2023-01-11 04:30:01.361592:+QENG: "neighbourcell inter","LTE",2175,-,-,-,-,-,7,0,6,3,-,-,-,-
INFO:root:2023-01-11 04:30:01.363334:OK
INFO:root:2023-01-11 04:30:01.365584:AT+QGDCNT?
INFO:root:2023-01-11 04:30:02.369788:+QGDCNT: 1554,1070
INFO:root:2023-01-11 04:30:02.371538:OK
INFO:root:2023-01-11 04:30:02.373805:AT+QNWINFO
INFO:root:2023-01-11 04:30:02.379775:+QNWINFO: "FDD LTE","310410","LTE BAND 2",800
INFO:root:2023-01-11 04:30:03.382671:OK
INFO:root:2023-01-11 04:30:03.385221:AT+CGPADDR=1
INFO:root:2023-01-11 04:30:03.389074:+CGPADDR: 1,"21.82.76.195"
INFO:root:2023-01-11 04:30:03.390696:OK
INFO:root:2023-01-11 04:30:03.394178:AT+QENG="servingcell"
INFO:root:2023-01-11 04:30:04.406951:+QENG: "servingcell","NOCONN","LTE","FDD",310,410,A34D309,307,800,2,5,5,8B2A,-118,-14,-84,10,11
INFO:root:2023-01-11 04:30:04.408693:OK
INFO:root:2023-01-11 04:30:04.412359:AT+QENG="neighbourcell"
INFO:root:2023-01-11 04:30:04.421017:+QENG: "neighbourcell intra","LTE",800,307,-14,-118,-84,0,11,4,4,2,62
INFO:root:2023-01-11 04:30:04.429554:+QENG: "neighbourcell intra","LTE",800,223,-17,-122,-96,0,7,4,4,2,62
INFO:root:2023-01-11 04:30:05.439058:+QENG: "neighbourcell inter","LTE",5110,-,-,-,-,-,11,0,6,2,-,-,-,-
INFO:root:2023-01-11 04:30:05.450348:+QENG: "neighbourcell inter","LTE",2175,-,-,-,-,-,7,0,6,3,-,-,-,-
INFO:root:2023-01-11 04:30:05.452666:OK
INFO:root:2023-01-11 04:30:05.455343:AT+QGDCNT?
INFO:root:2023-01-11 04:30:05.458591:+QGDCNT: 1554,1070
INFO:root:2023-01-11 04:30:06.461777:OK
INFO:root:2023-01-11 04:30:06.464803:AT+QGPSLOC=2
INFO:root:2023-01-11 04:30:06.475047:+QGPSLOC: 042957.0,37.40637,-121.89922,1.0,46.0,2,0.00,0.0,0.0,110123,08
INFO:root:2023-01-11 04:30:06.477136:OK
INFO:root:2023-01-11 04:30:07.481250:AT+QNWINFO
INFO:root:2023-01-11 04:30:07.488184:+QNWINFO: "FDD LTE","310410","LTE BAND 2",800
INFO:root:2023-01-11 04:30:07.490268:OK
INFO:root:2023-01-11 04:30:07.493454:AT+CGPADDR=1
INFO:root:2023-01-11 04:30:07.497843:+CGPADDR: 1,"21.82.76.195"
INFO:root:2023-01-11 04:30:08.500865:OK
INFO:root:2023-01-11 04:30:08.504901:AT+QENG="servingcell"
INFO:root:2023-01-11 04:30:08.518763:+QENG: "servingcell","NOCONN","LTE","FDD",310,410,A34D309,307,800,2,5,5,8B2A,-118,-14,-84,11,11
INFO:root:2023-01-11 04:30:08.520943:OK
INFO:root:2023-01-11 04:30:09.524149:AT+QGDCNT?
INFO:root:2023-01-11 04:30:09.526635:+QGDCNT: 1554,1070
INFO:root:2023-01-11 04:30:09.527842:OK
INFO:root:2023-01-11 04:30:09.529679:AT+QGPSLOC=2
INFO:root:2023-01-11 04:30:09.537007:+QGPSLOC: 042958.0,37.40637,-121.89922,1.1,46.0,2,0.00,0.0,0.0,110123,08
INFO:root:2023-01-11 04:30:10.539705:OK
INFO:root:2023-01-11 04:30:10.541851:AT+QNWINFO
INFO:root:2023-01-11 04:30:10.591495:+QNWINFO: "FDD LTE","310410","LTE BAND 2",800
INFO:root:2023-01-11 04:30:10.593529:OK
INFO:root:2023-01-11 04:30:11.598688:AT+QENG="servingcell"
INFO:root:2023-01-11 04:30:11.611532:+QENG: "servingcell","NOCONN","LTE","FDD",310,410,A34D309,307,800,2,5,5,8B2A,-118,-14,-83,11,11
INFO:root:2023-01-11 04:30:11.613654:OK
INFO:root:2023-01-11 04:30:11.617858:AT+QENG="neighbourcell"
INFO:root:2023-01-11 04:30:11.627532:+QENG: "neighbourcell intra","LTE",800,307,-14,-118,-83,0,11,4,4,2,62
INFO:root:2023-01-11 04:30:12.638173:+QENG: "neighbourcell inter","LTE",5110,-,-,-,-,-,11,0,6,2,-,-,-,-
INFO:root:2023-01-11 04:30:12.647739:+QENG: "neighbourcell inter","LTE",2175,-,-,-,-,-,0,0,6,3,-,-,-,-
INFO:root:2023-01-11 04:30:12.649817:OK
INFO:root:2023-01-11 04:30:12.652774:AT+QGDCNT?
INFO:root:2023-01-11 04:30:12.656167:+QGDCNT: 1554,1070
INFO:root:2023-01-11 04:30:13.659324:OK
INFO:root:2023-01-11 04:30:13.662539:AT+QNWINFO
INFO:root:2023-01-11 04:30:13.669654:+QNWINFO: "FDD LTE","310410","LTE BAND 2",800
INFO:root:2023-01-11 04:30:13.671645:OK
INFO:root:2023-01-11 04:30:14.675834:AT+CGPADDR=1
INFO:root:2023-01-11 04:30:14.680402:+CGPADDR: 1,"21.82.76.195"
INFO:root:2023-01-11 04:30:14.682503:OK
INFO:root:2023-01-11 04:30:14.687188:AT+QENG="servingcell"
INFO:root:2023-01-11 04:30:14.699465:+QENG: "servingcell","NOCONN","LTE","FDD",310,410,A34D309,307,800,2,5,5,8B2A,-118,-14,-84,11,11
INFO:root:2023-01-11 04:30:15.702778:OK
INFO:root:2023-01-11 04:30:15.706429:AT+QGDCNT?
INFO:root:2023-01-11 04:30:15.710815:+QGDCNT: 1554,1070
INFO:root:2023-01-11 04:30:15.713741:OK
INFO:root:2023-01-11 04:30:16.718495:AT+QGPSLOC=2
INFO:root:2023-01-11 04:30:16.731525:+QGPSLOC: 043000.0,37.40637,-121.89922,1.0,46.0,2,0.00,0.0,0.0,110123,08
INFO:root:2023-01-11 04:30:16.734344:OK
INFO:root:2023-01-11 04:30:16.738823:AT+QNWINFO
INFO:root:2023-01-11 04:30:16.745331:+QNWINFO: "FDD LTE","310410","LTE BAND 2",800
INFO:root:2023-01-11 04:30:17.748829:OK
INFO:root:2023-01-11 04:30:17.752327:AT+CGPADDR=1
INFO:root:2023-01-11 04:30:17.757090:+CGPADDR: 1,"21.82.76.195"
INFO:root:2023-01-11 04:30:17.759852:OK
INFO:root:2023-01-11 04:30:18.765441:AT+QENG="servingcell"
INFO:root:2023-01-11 04:30:18.779495:+QENG: "servingcell","NOCONN","LTE","FDD",310,410,A34D309,307,800,2,5,5,8B2A,-118,-14,-84,11,11
INFO:root:2023-01-11 04:30:18.781875:OK
INFO:root:2023-01-11 04:30:18.787678:AT+QENG="neighbourcell"
INFO:root:2023-01-11 04:30:18.798590:+QENG: "neighbourcell intra","LTE",800,307,-14,-118,-84,0,11,4,4,2,62
INFO:root:2023-01-11 04:30:19.811622:+QENG: "neighbourcell inter","LTE",5110,-,-,-,-,-,11,0,6,2,-,-,-,-
INFO:root:2023-01-11 04:30:19.820921:+QENG: "neighbourcell inter","LTE",2175,-,-,-,-,-,0,0,6,3,-,-,-,-
INFO:root:2023-01-11 04:30:19.822972:OK
INFO:root:2023-01-11 04:30:19.825657:AT+QGDCNT?
INFO:root:2023-01-11 04:30:19.829135:+QGDCNT: 1554,1070
INFO:root:2023-01-11 04:30:20.831836:OK
INFO:root:2023-01-11 04:30:20.834716:AT+QGPSLOC=2
INFO:root:2023-01-11 04:30:20.842506:+QGPSLOC: 043001.0,37.40637,-121.89922,1.0,46.0,2,0.00,0.0,0.0,110123,08
INFO:root:2023-01-11 04:30:20.844314:OK
INFO:root:2023-01-11 04:30:21.848055:AT+QNWINFO
INFO:root:2023-01-11 04:30:21.854609:+QNWINFO: "FDD LTE","310410","LTE BAND 2",800
INFO:root:2023-01-11 04:30:21.856726:OK
INFO:root:2023-01-11 04:30:21.859501:AT+CGPADDR=1
INFO:root:2023-01-11 04:30:21.863855:+CGPADDR: 1,"21.82.76.195"
INFO:root:2023-01-11 04:30:22.867135:OK
INFO:root:2023-01-11 04:30:22.871249:AT+QENG="servingcell"
INFO:root:2023-01-11 04:30:22.885208:+QENG: "servingcell","NOCONN","LTE","FDD",310,410,A34D309,307,800,2,5,5,8B2A,-118,-14,-84,11,11
INFO:root:2023-01-11 04:30:22.887120:OK
INFO:root:2023-01-11 04:30:23.894053:AT+QENG="neighbourcell"
INFO:root:2023-01-11 04:30:23.907113:+QENG: "neighbourcell intra","LTE",800,307,-14,-118,-84,0,11,4,4,2,62
INFO:root:2023-01-11 04:30:23.919473:+QENG: "neighbourcell inter","LTE",5110,-,-,-,-,-,11,0,6,2,-,-,-,-
INFO:root:2023-01-11 04:30:23.931472:+QENG: "neighbourcell inter","LTE",2175,-,-,-,-,-,0,0,6,3,-,-,-,-
INFO:root:2023-01-11 04:30:23.933691:OK
INFO:root:2023-01-11 04:30:24.938175:AT+QGDCNT?
INFO:root:2023-01-11 04:30:24.942549:+QGDCNT: 1554,1070
INFO:root:2023-01-11 04:30:24.944668:OK
INFO:root:2023-01-11 04:30:24.947873:AT+QGPSLOC=2
INFO:root:2023-01-11 04:30:24.958836:+QGPSLOC: 043002.0,37.40637,-121.89922,1.0,46.0,2,0.00,0.0,0.0,110123,08
INFO:root:2023-01-11 04:30:25.962900:OK
INFO:root:2023-01-11 04:30:25.966344:AT+QNWINFO
INFO:root:2023-01-11 04:30:25.974299:+QNWINFO: "FDD LTE","310410","LTE BAND 2",800
INFO:root:2023-01-11 04:30:25.976453:OK
INFO:root:2023-01-11 04:30:26.980585:AT+CGPADDR=1
INFO:root:2023-01-11 04:30:26.985877:+CGPADDR: 1,"21.82.76.195"
INFO:root:2023-01-11 04:30:26.987995:OK
INFO:root:2023-01-11 04:30:26.991942:AT+QENG="servingcell"
INFO:root:2023-01-11 04:30:27.004638:+QENG: "servingcell","NOCONN","LTE","FDD",310,410,A34D309,307,800,2,5,5,8B2A,-118,-15,-82,10,11
INFO:root:2023-01-11 04:30:28.008602:OK
INFO:root:2023-01-11 04:30:28.013434:AT+QENG="neighbourcell"
INFO:root:2023-01-11 04:30:28.023316:+QENG: "neighbourcell intra","LTE",800,307,-15,-118,-82,0,11,4,4,2,62
INFO:root:2023-01-11 04:30:28.036141:+QENG: "neighbourcell inter","LTE",5110,-,-,-,-,-,11,0,6,2,-,-,-,-
INFO:root:2023-01-11 04:30:28.048898:+QENG: "neighbourcell inter","LTE",2175,-,-,-,-,-,0,0,6,3,-,-,-,-
INFO:root:2023-01-11 04:30:29.052759:OK
INFO:root:2023-01-11 04:30:29.055556:AT+QGDCNT?
INFO:root:2023-01-11 04:30:29.059286:+QGDCNT: 1554,1070
INFO:root:2023-01-11 04:30:29.061342:OK
INFO:root:2023-01-11 04:30:30.065436:AT+QGPSLOC=2
INFO:root:2023-01-11 04:30:30.077850:+QGPSLOC: 043003.0,37.40637,-121.89922,1.0,46.0,2,0.00,0.0,0.0,110123,08
INFO:root:2023-01-11 04:30:30.080528:OK
INFO:root:2023-01-11 04:30:30.083921:AT+QNWINFO
INFO:root:2023-01-11 04:30:30.092724:+QNWINFO: "FDD LTE","310410","LTE BAND 2",800
INFO:root:2023-01-11 04:30:31.096366:OK
INFO:root:2023-01-11 04:30:31.099921:AT+CGPADDR=1
INFO:root:2023-01-11 04:30:31.109340:+CGPADDR: 1,"21.82.76.195"
INFO:root:2023-01-11 04:30:31.112437:OK
INFO:root:2023-01-11 04:30:32.119108:AT+QENG="neighbourcell"
INFO:root:2023-01-11 04:30:32.131889:+QENG: "neighbourcell intra","LTE",800,307,-14,-118,-84,0,11,4,4,2,62
INFO:root:2023-01-11 04:30:32.144479:+QENG: "neighbourcell inter","LTE",5110,-,-,-,-,-,11,0,6,2,-,-,-,-
INFO:root:2023-01-11 04:30:32.156918:+QENG: "neighbourcell inter","LTE",2175,-,-,-,-,-,0,0,6,3,-,-,-,-
INFO:root:2023-01-11 04:30:32.159591:OK
INFO:root:2023-01-11 04:30:33.164380:AT+QGDCNT?
INFO:root:2023-01-11 04:30:33.168143:+QGDCNT: 1554,1070
INFO:root:2023-01-11 04:30:33.170329:OK
INFO:root:2023-01-11 04:30:33.173166:AT+QGPSLOC=2
INFO:root:2023-01-11 04:30:33.183448:+QGPSLOC: 043004.0,37.40637,-121.89922,1.0,46.0,2,0.00,0.0,0.0,110123,08
INFO:root:2023-01-11 04:30:34.186420:OK
INFO:root:2023-01-11 04:30:34.189329:AT+QNWINFO
INFO:root:2023-01-11 04:30:34.194451:+QNWINFO: "FDD LTE","310410","LTE BAND 2",800
INFO:root:2023-01-11 04:30:34.196052:OK
INFO:root:2023-01-11 04:30:35.199568:AT+CGPADDR=1
INFO:root:2023-01-11 04:30:35.202791:+CGPADDR: 1,"21.82.76.195"
INFO:root:2023-01-11 04:30:35.204295:OK
INFO:root:2023-01-11 04:30:35.207000:AT+QENG="servingcell"
INFO:root:2023-01-11 04:30:35.215459:+QENG: "servingcell","NOCONN","LTE","FDD",310,410,A34D309,307,800,2,5,5,8B2A,-118,-14,-83,10,11
INFO:root:2023-01-11 04:30:36.218293:OK
INFO:root:2023-01-11 04:30:36.220980:AT+QGDCNT?
INFO:root:2023-01-11 04:30:36.224226:+QGDCNT: 1554,1070
INFO:root:2023-01-11 04:30:36.226277:OK
INFO:root:2023-01-11 04:30:37.230745:AT+QGPSLOC=2
INFO:root:2023-01-11 04:30:37.241140:+QGPSLOC: 043005.0,37.40637,-121.89922,1.0,46.0,2,0.00,0.0,0.0,110123,08
INFO:root:2023-01-11 04:30:37.243257:OK
INFO:root:2023-01-11 04:30:37.245979:AT+QNWINFO
INFO:root:2023-01-11 04:30:37.253711:+QNWINFO: "FDD LTE","310410","LTE BAND 2",800
INFO:root:2023-01-11 04:30:38.257605:OK
INFO:root:2023-01-11 04:30:38.262257:AT+QENG="servingcell"
INFO:root:2023-01-11 04:30:38.278441:+QENG: "servingcell","NOCONN","LTE","FDD",310,410,A34D309,307,800,2,5,5,8B2A,-118,-14,-84,11,11
INFO:root:2023-01-11 04:30:38.282411:OK
INFO:root:2023-01-11 04:30:39.289830:AT+QENG="neighbourcell"
INFO:root:2023-01-11 04:30:39.298687:+QENG: "neighbourcell intra","LTE",800,307,-14,-118,-84,0,11,4,4,2,62
INFO:root:2023-01-11 04:30:39.305561:+QENG: "neighbourcell inter","LTE",5110,-,-,-,-,-,11,0,6,2,-,-,-,-
INFO:root:2023-01-11 04:30:39.312261:+QENG: "neighbourcell inter","LTE",2175,-,-,-,-,-,0,0,6,3,-,-,-,-
INFO:root:2023-01-11 04:30:39.313836:OK
INFO:root:2023-01-11 04:30:40.317309:AT+QGDCNT?
INFO:root:2023-01-11 04:30:40.320576:+QGDCNT: 1554,1070
INFO:root:2023-01-11 04:30:40.322338:OK
INFO:root:2023-01-11 04:30:40.324673:AT+QNWINFO
INFO:root:2023-01-11 04:30:40.330959:+QNWINFO: "FDD LTE","310410","LTE BAND 2",800
INFO:root:2023-01-11 04:30:41.333881:OK
INFO:root:2023-01-11 04:30:41.336576:AT+CGPADDR=1
INFO:root:2023-01-11 04:30:41.340790:+CGPADDR: 1,"21.82.76.195"
INFO:root:2023-01-11 04:30:41.342918:OK
INFO:root:2023-01-11 04:30:42.347837:AT+QENG="servingcell"
INFO:root:2023-01-11 04:30:42.360227:+QENG: "servingcell","NOCONN","LTE","FDD",310,410,A34D309,307,800,2,5,5,8B2A,-118,-14,-84,11,11
INFO:root:2023-01-11 04:30:42.361965:OK
INFO:root:2023-01-11 04:30:42.365899:AT+QENG="neighbourcell"
INFO:root:2023-01-11 04:30:42.375068:+QENG: "neighbourcell intra","LTE",800,307,-14,-118,-84,0,11,4,4,2,62
INFO:root:2023-01-11 04:30:43.385725:+QENG: "neighbourcell inter","LTE",5110,-,-,-,-,-,11,0,6,2,-,-,-,-
INFO:root:2023-01-11 04:30:43.394939:+QENG: "neighbourcell inter","LTE",2175,-,-,-,-,-,0,0,6,3,-,-,-,-
INFO:root:2023-01-11 04:30:43.396694:OK
INFO:root:2023-01-11 04:30:43.399019:AT+QGDCNT?
INFO:root:2023-01-11 04:30:43.402141:+QGDCNT: 1554,1070
INFO:root:2023-01-11 04:30:44.405543:OK
INFO:root:2023-01-11 04:30:44.408217:AT+QGPSLOC=2
INFO:root:2023-01-11 04:30:44.417452:+QGPSLOC: 043007.0,37.40637,-121.89922,1.0,46.0,2,0.00,0.0,0.0,110123,08
INFO:root:2023-01-11 04:30:44.418985:OK
INFO:root:2023-01-11 04:30:45.422449:AT+QNWINFO
INFO:root:2023-01-11 04:30:45.428905:+QNWINFO: "FDD LTE","310410","LTE BAND 2",800
INFO:root:2023-01-11 04:30:45.430588:OK
INFO:root:2023-01-11 04:30:45.434330:AT+QENG="servingcell"
INFO:root:2023-01-11 04:30:45.446585:+QENG: "servingcell","NOCONN","LTE","FDD",310,410,A34D309,307,800,2,5,5,8B2A,-118,-13,-84,11,11
INFO:root:2023-01-11 04:30:46.449281:OK
INFO:root:2023-01-11 04:30:46.452443:AT+QENG="neighbourcell"
INFO:root:2023-01-11 04:30:46.459525:+QENG: "neighbourcell intra","LTE",800,307,-13,-118,-84,0,11,4,4,2,62
INFO:root:2023-01-11 04:30:46.466490:+QENG: "neighbourcell inter","LTE",5110,-,-,-,-,-,11,0,6,2,-,-,-,-
INFO:root:2023-01-11 04:30:46.473412:+QENG: "neighbourcell inter","LTE",2175,-,-,-,-,-,0,0,6,3,-,-,-,-
INFO:root:2023-01-11 04:30:47.475875:OK
INFO:root:2023-01-11 04:30:47.477739:AT+QGDCNT?
INFO:root:2023-01-11 04:30:47.480099:+QGDCNT: 1554,1070
INFO:root:2023-01-11 04:30:47.481411:OK
INFO:root:2023-01-11 04:30:48.484466:AT+QNWINFO
INFO:root:2023-01-11 04:30:48.489377:+QNWINFO: "FDD LTE","310410","LTE BAND 2",800
INFO:root:2023-01-11 04:30:48.490704:OK
INFO:root:2023-01-11 04:30:48.492929:AT+CGPADDR=1
INFO:root:2023-01-11 04:30:48.496087:+CGPADDR: 1,"21.82.76.195"
INFO:root:2023-01-11 04:30:49.498973:OK
INFO:root:2023-01-11 04:30:49.502759:AT+QENG="servingcell"
INFO:root:2023-01-11 04:30:49.514195:+QENG: "servingcell","NOCONN","LTE","FDD",310,410,A34D309,307,800,2,5,5,8B2A,-118,-13,-85,12,11
INFO:root:2023-01-11 04:30:49.515722:OK
INFO:root:2023-01-11 04:30:50.519061:AT+QGDCNT?
INFO:root:2023-01-11 04:30:50.522272:+QGDCNT: 1554,1070
INFO:root:2023-01-11 04:30:50.524093:OK
INFO:root:2023-01-11 04:30:50.526657:AT+QGPSLOC=2
INFO:root:2023-01-11 04:30:50.536036:+QGPSLOC: 043009.0,37.40637,-121.89922,1.0,45.0,2,0.00,0.0,0.0,110123,08
INFO:root:2023-01-11 04:30:51.538985:OK
INFO:root:2023-01-11 04:30:51.541441:AT+QNWINFO
INFO:root:2023-01-11 04:30:51.555779:+QNWINFO: "FDD LTE","310410","LTE BAND 2",800
INFO:root:2023-01-11 04:30:51.557578:OK
INFO:root:2023-01-11 04:30:52.562358:AT+QENG="servingcell"
INFO:root:2023-01-11 04:30:52.574683:+QENG: "servingcell","NOCONN","LTE","FDD",310,410,A34D309,307,800,2,5,5,8B2A,-118,-14,-83,10,12
INFO:root:2023-01-11 04:30:52.576429:OK
INFO:root:2023-01-11 04:30:52.580273:AT+QENG="neighbourcell"
INFO:root:2023-01-11 04:30:52.589476:+QENG: "neighbourcell intra","LTE",800,307,-14,-118,-83,0,12,4,4,2,62
INFO:root:2023-01-11 04:30:53.599838:+QENG: "neighbourcell inter","LTE",5110,-,-,-,-,-,12,0,6,2,-,-,-,-
INFO:root:2023-01-11 04:30:53.607969:+QENG: "neighbourcell inter","LTE",2175,-,-,-,-,-,0,0,6,3,-,-,-,-
INFO:root:2023-01-11 04:30:53.609514:OK
INFO:root:2023-01-11 04:30:53.611527:AT+QGDCNT?
INFO:root:2023-01-11 04:30:53.614543:+QGDCNT: 1554,1070
INFO:root:2023-01-11 04:30:54.617453:OK
INFO:root:2023-01-11 04:30:54.619848:AT+QNWINFO
INFO:root:2023-01-11 04:30:54.626214:+QNWINFO: "FDD LTE","310410","LTE BAND 2",800
INFO:root:2023-01-11 04:30:54.627928:OK
INFO:root:2023-01-11 04:30:55.631575:AT+CGPADDR=1
INFO:root:2023-01-11 04:30:55.635857:+CGPADDR: 1,"21.82.76.195"
INFO:root:2023-01-11 04:30:55.637561:OK
INFO:root:2023-01-11 04:30:55.641160:AT+QENG="servingcell"
INFO:root:2023-01-11 04:30:55.653398:+QENG: "servingcell","NOCONN","LTE","FDD",310,410,A34D309,307,800,2,5,5,8B2A,-117,-14,-83,11,12
INFO:root:2023-01-11 04:30:56.656362:OK
INFO:root:2023-01-11 04:30:56.658817:AT+QGDCNT?
INFO:root:2023-01-11 04:30:56.662095:+QGDCNT: 1554,1070
INFO:root:2023-01-11 04:30:56.663925:OK
INFO:root:2023-01-11 04:30:57.667650:AT+QGPSLOC=2
INFO:root:2023-01-11 04:30:57.677328:+QGPSLOC: 043011.0,37.40637,-121.89922,1.0,45.0,2,0.00,0.0,0.0,110123,10
INFO:root:2023-01-11 04:30:57.679053:OK
INFO:root:2023-01-11 04:30:57.681380:AT+QNWINFO
INFO:root:2023-01-11 04:30:57.687708:+QNWINFO: "FDD LTE","310410","LTE BAND 2",800
INFO:root:2023-01-11 04:30:58.691029:OK
INFO:root:2023-01-11 04:30:58.694361:AT+CGPADDR=1
INFO:root:2023-01-11 04:30:58.698540:+CGPADDR: 1,"21.82.76.195"
INFO:root:2023-01-11 04:30:58.700438:OK
INFO:root:2023-01-11 04:30:59.703919:AT+QENG="servingcell"
INFO:root:2023-01-11 04:30:59.710054:+QENG: "servingcell","NOCONN","LTE","FDD",310,410,A34D309,307,800,2,5,5,8B2A,-117,-14,-83,11,12
INFO:root:2023-01-11 04:30:59.711011:OK
INFO:root:2023-01-11 04:30:59.712377:AT+QGDCNT?
INFO:root:2023-01-11 04:30:59.714202:+QGDCNT: 1554,1070
INFO:root:2023-01-11 04:31:00.716491:OK
INFO:root:2023-01-11 04:31:00.718518:AT+QGPSLOC=2
INFO:root:2023-01-11 04:31:00.725655:+QGPSLOC: 043012.0,37.40637,-121.89922,1.0,45.0,2,0.00,0.0,0.0,110123,10
INFO:root:2023-01-11 04:31:00.726909:OK
INFO:root:2023-01-11 04:31:01.729434:AT+QNWINFO
INFO:root:2023-01-11 04:31:01.733078:+QNWINFO: "FDD LTE","310410","LTE BAND 2",800
INFO:root:2023-01-11 04:31:01.734131:OK
INFO:root:2023-01-11 04:31:01.736031:AT+QENG="servingcell"
INFO:root:2023-01-11 04:31:01.744363:+QENG: "servingcell","NOCONN","LTE","FDD",310,410,A34D309,307,800,2,5,5,8B2A,-117,-13,-84,11,12
INFO:root:2023-01-11 04:31:02.747183:OK
INFO:root:2023-01-11 04:31:02.751131:AT+QENG="neighbourcell"
INFO:root:2023-01-11 04:31:02.760326:+QENG: "neighbourcell intra","LTE",800,307,-13,-117,-84,0,12,4,4,2,62
INFO:root:2023-01-11 04:31:02.769188:+QENG: "neighbourcell inter","LTE",5110,-,-,-,-,-,12,0,6,2,-,-,-,-
INFO:root:2023-01-11 04:31:02.777929:+QENG: "neighbourcell inter","LTE",2175,-,-,-,-,-,0,0,6,3,-,-,-,-
INFO:root:2023-01-11 04:31:03.781165:OK
INFO:root:2023-01-11 04:31:03.783641:AT+QGDCNT?
INFO:root:2023-01-11 04:31:03.786800:+QGDCNT: 1554,1070
INFO:root:2023-01-11 04:31:03.788488:OK
INFO:root:2023-01-11 04:31:04.792029:AT+QNWINFO
INFO:root:2023-01-11 04:31:04.798523:+QNWINFO: "FDD LTE","310410","LTE BAND 2",800
INFO:root:2023-01-11 04:31:04.800319:OK
INFO:root:2023-01-11 04:31:04.803265:AT+CGPADDR=1
INFO:root:2023-01-11 04:31:04.807375:+CGPADDR: 1,"21.82.76.195"
INFO:root:2023-01-11 04:31:05.810083:OK
INFO:root:2023-01-11 04:31:05.813829:AT+QENG="servingcell"
INFO:root:2023-01-11 04:31:05.826101:+QENG: "servingcell","NOCONN","LTE","FDD",310,410,A34D309,307,800,2,5,5,8B2A,-118,-13,-84,11,11
INFO:root:2023-01-11 04:31:05.827842:OK
INFO:root:2023-01-11 04:31:06.831408:AT+QGDCNT?
INFO:root:2023-01-11 04:31:06.834771:+QGDCNT: 1554,1070
INFO:root:2023-01-11 04:31:06.836611:OK
INFO:root:2023-01-11 04:31:06.839221:AT+QGPSLOC=2
INFO:root:2023-01-11 04:31:06.849133:+QGPSLOC: 043014.0,37.40637,-121.89922,1.0,45.0,2,0.00,0.0,0.0,110123,10
INFO:root:2023-01-11 04:31:07.852076:OK
INFO:root:2023-01-11 04:31:07.854574:AT+QNWINFO
INFO:root:2023-01-11 04:31:07.860883:+QNWINFO: "FDD LTE","310410","LTE BAND 2",800
INFO:root:2023-01-11 04:31:07.862701:OK
INFO:root:2023-01-11 04:31:08.866552:AT+CGPADDR=1
INFO:root:2023-01-11 04:31:08.870738:+CGPADDR: 1,"21.82.76.195"
INFO:root:2023-01-11 04:31:08.872494:OK
INFO:root:2023-01-11 04:31:08.875835:AT+QENG="servingcell"
INFO:root:2023-01-11 04:31:08.886565:+QENG: "servingcell","NOCONN","LTE","FDD",310,410,A34D309,307,800,2,5,5,8B2A,-118,-13,-84,11,11
INFO:root:2023-01-11 04:31:09.889340:OK
INFO:root:2023-01-11 04:31:09.893345:AT+QENG="neighbourcell"
INFO:root:2023-01-11 04:31:09.902897:+QENG: "neighbourcell intra","LTE",800,307,-13,-118,-84,0,11,4,4,2,62
INFO:root:2023-01-11 04:31:09.912005:+QENG: "neighbourcell intra","LTE",800,223,-14,-120,-96,0,9,4,4,2,62
INFO:root:2023-01-11 04:31:09.921252:+QENG: "neighbourcell inter","LTE",5110,-,-,-,-,-,11,0,6,2,-,-,-,-
INFO:root:2023-01-11 04:31:10.931140:+QENG: "neighbourcell inter","LTE",2175,-,-,-,-,-,9,0,6,3,-,-,-,-
INFO:root:2023-01-11 04:31:10.933001:OK
INFO:root:2023-01-11 04:31:10.935318:AT+QGDCNT?
INFO:root:2023-01-11 04:31:10.938460:+QGDCNT: 1554,1070
INFO:root:2023-01-11 04:31:11.941021:OK
INFO:root:2023-01-11 04:31:11.943560:AT+QGPSLOC=2
INFO:root:2023-01-11 04:31:11.955746:+QGPSLOC: 043015.0,37.40637,-121.89922,1.0,45.0,2,0.00,0.0,0.0,110123,10
INFO:root:2023-01-11 04:31:11.957353:OK
INFO:root:2023-01-11 04:31:11.959382:AT+QNWINFO
INFO:root:2023-01-11 04:31:12.965601:+QNWINFO: "FDD LTE","310410","LTE BAND 2",800
INFO:root:2023-01-11 04:31:12.967291:OK
INFO:root:2023-01-11 04:31:12.969420:AT+CGPADDR=1
INFO:root:2023-01-11 04:31:12.973084:+CGPADDR: 1,"21.82.76.195"
INFO:root:2023-01-11 04:31:13.976669:OK
INFO:root:2023-01-11 04:31:13.979471:AT+QENG="servingcell"
INFO:root:2023-01-11 04:31:13.990939:+QENG: "servingcell","NOCONN","LTE","FDD",310,410,A34D309,307,800,2,5,5,8B2A,-117,-14,-83,11,12
INFO:root:2023-01-11 04:31:13.993687:OK
INFO:root:2023-01-11 04:31:13.996100:AT+QGDCNT?
INFO:root:2023-01-11 04:31:15.000213:+QGDCNT: 1554,1070
INFO:root:2023-01-11 04:31:15.002326:OK
INFO:root:2023-01-11 04:31:15.005189:AT+QGPSLOC=2
INFO:root:2023-01-11 04:31:15.015568:+QGPSLOC: 043016.0,37.40637,-121.89922,1.0,45.0,2,0.00,0.0,0.0,110123,09
INFO:root:2023-01-11 04:31:16.018546:OK
INFO:root:2023-01-11 04:31:16.021316:AT+QNWINFO
INFO:root:2023-01-11 04:31:16.028004:+QNWINFO: "FDD LTE","310410","LTE BAND 2",800
INFO:root:2023-01-11 04:31:16.030354:OK
INFO:root:2023-01-11 04:31:16.034404:AT+QENG="servingcell"
INFO:root:2023-01-11 04:31:17.047666:+QENG: "servingcell","NOCONN","LTE","FDD",310,410,A34D309,307,800,2,5,5,8B2A,-117,-14,-83,11,12
INFO:root:2023-01-11 04:31:17.049758:OK
INFO:root:2023-01-11 04:31:17.054146:AT+QENG="neighbourcell"
INFO:root:2023-01-11 04:31:17.062253:+QENG: "neighbourcell intra","LTE",800,307,-14,-117,-83,0,12,4,4,2,62
INFO:root:2023-01-11 04:31:17.070375:+QENG: "neighbourcell intra","LTE",800,223,-15,-122,-95,0,7,4,4,2,62
INFO:root:2023-01-11 04:31:18.080389:+QENG: "neighbourcell inter","LTE",5110,-,-,-,-,-,12,0,6,2,-,-,-,-
INFO:root:2023-01-11 04:31:18.089277:+QENG: "neighbourcell inter","LTE",2175,-,-,-,-,-,7,0,6,3,-,-,-,-
INFO:root:2023-01-11 04:31:18.091054:OK
INFO:root:2023-01-11 04:31:18.093438:AT+QGDCNT?
INFO:root:2023-01-11 04:31:18.096660:+QGDCNT: 1554,1070
INFO:root:2023-01-11 04:31:19.099865:OK
INFO:root:2023-01-11 04:31:19.102454:AT+QNWINFO
INFO:root:2023-01-11 04:31:19.109012:+QNWINFO: "FDD LTE","310410","LTE BAND 2",800
INFO:root:2023-01-11 04:31:19.110683:OK
INFO:root:2023-01-11 04:31:20.114474:AT+CGPADDR=1
INFO:root:2023-01-11 04:31:20.118668:+CGPADDR: 1,"21.82.76.195"
INFO:root:2023-01-11 04:31:20.120355:OK
INFO:root:2023-01-11 04:31:20.124119:AT+QENG="servingcell"
INFO:root:2023-01-11 04:31:20.136671:+QENG: "servingcell","NOCONN","LTE","FDD",310,410,A34D309,307,800,2,5,5,8B2A,-117,-14,-83,11,12
INFO:root:2023-01-11 04:31:21.139699:OK
INFO:root:2023-01-11 04:31:21.142362:AT+QGDCNT?
INFO:root:2023-01-11 04:31:21.145543:+QGDCNT: 1554,1070
INFO:root:2023-01-11 04:31:21.147213:OK
INFO:root:2023-01-11 04:31:22.150974:AT+QGPSLOC=2
INFO:root:2023-01-11 04:31:22.160680:+QGPSLOC: 043018.0,37.40637,-121.89923,1.0,45.0,2,0.00,0.0,0.0,110123,09
INFO:root:2023-01-11 04:31:22.162806:OK
INFO:root:2023-01-11 04:31:22.165237:AT+QNWINFO
INFO:root:2023-01-11 04:31:22.171544:+QNWINFO: "FDD LTE","310410","LTE BAND 2",800
INFO:root:2023-01-11 04:31:23.174431:OK
INFO:root:2023-01-11 04:31:23.177064:AT+CGPADDR=1
INFO:root:2023-01-11 04:31:23.181147:+CGPADDR: 1,"21.82.76.195"
INFO:root:2023-01-11 04:31:23.182942:OK
INFO:root:2023-01-11 04:31:24.187794:AT+QENG="servingcell"
INFO:root:2023-01-11 04:31:24.200145:+QENG: "servingcell","NOCONN","LTE","FDD",310,410,A34D309,307,800,2,5,5,8B2A,-118,-14,-83,11,11
INFO:root:2023-01-11 04:31:24.201896:OK
INFO:root:2023-01-11 04:31:24.204641:AT+QGDCNT?
INFO:root:2023-01-11 04:31:24.207780:+QGDCNT: 1554,1070
INFO:root:2023-01-11 04:31:25.209928:OK
INFO:root:2023-01-11 04:31:25.211765:AT+QGPSLOC=2
INFO:root:2023-01-11 04:31:25.218186:+QGPSLOC: 043019.0,37.40637,-121.89923,1.0,45.0,2,0.00,0.0,0.0,110123,09
INFO:root:2023-01-11 04:31:25.219401:OK
INFO:root:2023-01-11 04:31:26.222382:AT+QNWINFO
INFO:root:2023-01-11 04:31:26.227306:+QNWINFO: "FDD LTE","310410","LTE BAND 2",800
INFO:root:2023-01-11 04:31:26.228635:OK
INFO:root:2023-01-11 04:31:26.230586:AT+CGPADDR=1
INFO:root:2023-01-11 04:31:26.233697:+CGPADDR: 1,"21.82.76.195"
INFO:root:2023-01-11 04:31:27.236161:OK
INFO:root:2023-01-11 04:31:27.238787:AT+QENG="servingcell"
INFO:root:2023-01-11 04:31:27.247137:+QENG: "servingcell","NOCONN","LTE","FDD",310,410,A34D309,307,800,2,5,5,8B2A,-118,-14,-84,11,11
INFO:root:2023-01-11 04:31:27.248394:OK
INFO:root:2023-01-11 04:31:28.253399:AT+QENG="neighbourcell"
INFO:root:2023-01-11 04:31:28.262824:+QENG: "neighbourcell intra","LTE",800,307,-14,-118,-84,0,11,4,4,2,62
INFO:root:2023-01-11 04:31:28.270728:+QENG: "neighbourcell intra","LTE",800,223,-15,-121,-96,0,9,4,4,2,62
INFO:root:2023-01-11 04:31:28.278344:+QENG: "neighbourcell inter","LTE",5110,-,-,-,-,-,11,0,6,2,-,-,-,-
INFO:root:2023-01-11 04:31:28.285863:+QENG: "neighbourcell inter","LTE",2175,-,-,-,-,-,9,0,6,3,-,-,-,-
INFO:root:2023-01-11 04:31:29.288700:OK
INFO:root:2023-01-11 04:31:29.291144:AT+QGDCNT?
INFO:root:2023-01-11 04:31:29.294331:+QGDCNT: 1554,1070
INFO:root:2023-01-11 04:31:29.296039:OK
INFO:root:2023-01-11 04:31:29.298345:AT+QNWINFO
INFO:root:2023-01-11 04:31:30.305882:+QNWINFO: "FDD LTE","310410","LTE BAND 2",800
INFO:root:2023-01-11 04:31:30.307679:OK
INFO:root:2023-01-11 04:31:30.310224:AT+CGPADDR=1
INFO:root:2023-01-11 04:31:30.314362:+CGPADDR: 1,"21.82.76.195"
INFO:root:2023-01-11 04:31:31.317368:OK
INFO:root:2023-01-11 04:31:31.321095:AT+QENG="servingcell"
INFO:root:2023-01-11 04:31:31.333348:+QENG: "servingcell","NOCONN","LTE","FDD",310,410,A34D309,307,800,2,5,5,8B2A,-118,-14,-84,12,11
INFO:root:2023-01-11 04:31:31.335077:OK
INFO:root:2023-01-11 04:31:31.337394:AT+QGDCNT?
INFO:root:2023-01-11 04:31:32.341675:+QGDCNT: 1554,1070
INFO:root:2023-01-11 04:31:32.345375:OK
INFO:root:2023-01-11 04:31:32.348049:AT+QGPSLOC=2
INFO:root:2023-01-11 04:31:32.357800:+QGPSLOC: 043021.0,37.40637,-121.89923,1.0,45.0,2,0.00,0.0,0.0,110123,09
INFO:root:2023-01-11 04:31:33.360708:OK
INFO:root:2023-01-11 04:31:33.363209:AT+QNWINFO
INFO:root:2023-01-11 04:31:33.369514:+QNWINFO: "FDD LTE","310410","LTE BAND 2",800
INFO:root:2023-01-11 04:31:33.371276:OK
INFO:root:2023-01-11 04:31:33.374921:AT+QENG="servingcell"
INFO:root:2023-01-11 04:31:34.388326:+QENG: "servingcell","NOCONN","LTE","FDD",310,410,A34D309,307,800,2,5,5,8B2A,-118,-14,-84,12,11
INFO:root:2023-01-11 04:31:34.390136:OK
INFO:root:2023-01-11 04:31:34.394010:AT+QENG="neighbourcell"
INFO:root:2023-01-11 04:31:34.403235:+QENG: "neighbourcell intra","LTE",800,307,-14,-118,-84,0,11,4,4,2,62
INFO:root:2023-01-11 04:31:34.412302:+QENG: "neighbourcell intra","LTE",800,223,-18,-123,-95,0,6,4,4,2,62
INFO:root:2023-01-11 04:31:35.422301:+QENG: "neighbourcell inter","LTE",5110,-,-,-,-,-,11,0,6,2,-,-,-,-
INFO:root:2023-01-11 04:31:35.431083:+QENG: "neighbourcell inter","LTE",2175,-,-,-,-,-,6,0,6,3,-,-,-,-
INFO:root:2023-01-11 04:31:35.432885:OK
INFO:root:2023-01-11 04:31:35.435271:AT+QGDCNT?
INFO:root:2023-01-11 04:31:35.438432:+QGDCNT: 1554,1070
INFO:root:2023-01-11 04:31:36.441400:OK
INFO:root:2023-01-11 04:31:36.443852:AT+QNWINFO
INFO:root:2023-01-11 04:31:36.450184:+QNWINFO: "FDD LTE","310410","LTE BAND 2",800
INFO:root:2023-01-11 04:31:36.451896:OK
INFO:root:2023-01-11 04:31:37.455711:AT+CGPADDR=1
INFO:root:2023-01-11 04:31:37.462545:+CGPADDR: 1,"21.82.76.195"
INFO:root:2023-01-11 04:31:37.464588:OK
INFO:root:2023-01-11 04:31:37.468523:AT+QENG="servingcell"
INFO:root:2023-01-11 04:31:37.482530:+QENG: "servingcell","NOCONN","LTE","FDD",310,410,A34D309,307,800,2,5,5,8B2A,-118,-14,-84,12,11
